This is pdfTeX, Version 3.1415926-2.4-1.40.13 (TeX Live 2012/Debian) (format=pdflatex 2013.6.22)  10 FEB 2014 17:55
entering extended mode
 restricted \write18 enabled.
 %&-line parsing enabled.
**satabs-slides.tex
(./satabs-slides.tex
LaTeX2e <2011/06/27>
Babel <v3.8m> and hyphenation patterns for english, dumylang, nohyphenation, lo
aded.
(./header.tex (/usr/share/texmf/tex/latex/beamer/base/beamer.cls
(/usr/share/texmf/tex/latex/beamer/base/beamerbasercs.sty
Package: beamerbasercs 2010/06/12 (rcs-revision c3821710bb40)
)
Document Class: beamer 2010/06/21 development version 3.10 A class for typesett
ing presentations (rcs-revision a6b1a8434d30)
(/usr/share/texmf/tex/latex/beamer/base/beamerbasemodes.sty
Package: beamerbasemodes 2010/05/01 (rcs-revision efa082c6111d)
\beamer@tempbox=\box26
\beamer@tempcount=\count79
\c@beamerpauses=\count80

(/usr/share/texmf/tex/latex/beamer/base/beamerbasedecode.sty
Package: beamerbasedecode 2010/05/01 (rcs-revision efa082c6111d)
\beamer@slideinframe=\count81
\beamer@minimum=\count82
)
\beamer@commentbox=\box27
\beamer@modecount=\count83
)
\headheight=\dimen102
\headdp=\dimen103
\footheight=\dimen104
\sidebarheight=\dimen105
\beamer@tempdim=\dimen106
\beamer@finalheight=\dimen107
\beamer@animht=\dimen108
\beamer@animdp=\dimen109
\beamer@animwd=\dimen110
\beamer@leftmargin=\dimen111
\beamer@rightmargin=\dimen112
\beamer@leftsidebar=\dimen113
\beamer@rightsidebar=\dimen114
\beamer@boxsize=\dimen115
\beamer@vboxoffset=\dimen116
\beamer@descdefault=\dimen117
\beamer@descriptionwidth=\dimen118
\beamer@lastskip=\skip41
\beamer@areabox=\box28
\beamer@animcurrent=\box29
\beamer@animshowbox=\box30
\beamer@sectionbox=\box31
\beamer@logobox=\box32
\beamer@linebox=\box33
\beamer@sectioncount=\count84
\beamer@subsubsectionmax=\count85
\beamer@subsectionmax=\count86
\beamer@sectionmax=\count87
\beamer@totalheads=\count88
\beamer@headcounter=\count89
\beamer@partstartpage=\count90
\beamer@sectionstartpage=\count91
\beamer@subsectionstartpage=\count92
\beamer@animationtempa=\count93
\beamer@animationtempb=\count94
\beamer@xpos=\count95
\beamer@ypos=\count96
\beamer@showpartnumber=\count97
\beamer@currentsubsection=\count98
\beamer@coveringdepth=\count99
\beamer@sectionadjust=\count100
\beamer@tocsectionnumber=\count101

(/usr/share/texmf/tex/latex/beamer/base/beamerbaseoptions.sty
Package: beamerbaseoptions 2010/04/27 (rcs-revision 982469101dd6)

(/usr/share/texlive/texmf-dist/tex/latex/graphics/keyval.sty
Package: keyval 1999/03/16 v1.13 key=value parser (DPC)
\KV@toks@=\toks14
))
\beamer@paperwidth=\skip42
\beamer@paperheight=\skip43

(/usr/share/texlive/texmf-dist/tex/latex/geometry/geometry.sty
Package: geometry 2010/09/12 v5.6 Page Geometry

(/usr/share/texlive/texmf-dist/tex/generic/oberdiek/ifpdf.sty
Package: ifpdf 2011/01/30 v2.3 Provides the ifpdf switch (HO)
Package ifpdf Info: pdfTeX in PDF mode is detected.
)
(/usr/share/texlive/texmf-dist/tex/generic/oberdiek/ifvtex.sty
Package: ifvtex 2010/03/01 v1.5 Detect VTeX and its facilities (HO)
Package ifvtex Info: VTeX not detected.
)
(/usr/share/texlive/texmf-dist/tex/generic/ifxetex/ifxetex.sty
Package: ifxetex 2010/09/12 v0.6 Provides ifxetex conditional
)
\Gm@cnth=\count102
\Gm@cntv=\count103
\c@Gm@tempcnt=\count104
\Gm@bindingoffset=\dimen119
\Gm@wd@mp=\dimen120
\Gm@odd@mp=\dimen121
\Gm@even@mp=\dimen122
\Gm@layoutwidth=\dimen123
\Gm@layoutheight=\dimen124
\Gm@layouthoffset=\dimen125
\Gm@layoutvoffset=\dimen126
\Gm@dimlist=\toks15
)
(/usr/share/texlive/texmf-dist/tex/latex/base/size11.clo
File: size11.clo 2007/10/19 v1.4h Standard LaTeX file (size option)
)
(/usr/share/texmf/tex/latex/pgf/basiclayer/pgfcore.sty
(/usr/share/texlive/texmf-dist/tex/latex/graphics/graphicx.sty
Package: graphicx 1999/02/16 v1.0f Enhanced LaTeX Graphics (DPC,SPQR)

(/usr/share/texlive/texmf-dist/tex/latex/graphics/graphics.sty
Package: graphics 2009/02/05 v1.0o Standard LaTeX Graphics (DPC,SPQR)

(/usr/share/texlive/texmf-dist/tex/latex/graphics/trig.sty
Package: trig 1999/03/16 v1.09 sin cos tan (DPC)
)
(/usr/share/texlive/texmf-dist/tex/latex/latexconfig/graphics.cfg
File: graphics.cfg 2010/04/23 v1.9 graphics configuration of TeX Live
)
Package graphics Info: Driver file: pdftex.def on input line 91.

(/usr/share/texlive/texmf-dist/tex/latex/pdftex-def/pdftex.def
File: pdftex.def 2011/05/27 v0.06d Graphics/color for pdfTeX

(/usr/share/texlive/texmf-dist/tex/generic/oberdiek/infwarerr.sty
Package: infwarerr 2010/04/08 v1.3 Providing info/warning/error messages (HO)
)
(/usr/share/texlive/texmf-dist/tex/generic/oberdiek/ltxcmds.sty
Package: ltxcmds 2011/11/09 v1.22 LaTeX kernel commands for general use (HO)
)
\Gread@gobject=\count105
))
\Gin@req@height=\dimen127
\Gin@req@width=\dimen128
)
(/usr/share/texmf/tex/latex/pgf/systemlayer/pgfsys.sty
(/usr/share/texmf/tex/latex/pgf/utilities/pgfrcs.sty
(/usr/share/texmf/tex/generic/pgf/utilities/pgfutil-common.tex
\pgfutil@everybye=\toks16
)
(/usr/share/texmf/tex/generic/pgf/utilities/pgfutil-latex.def
\pgfutil@abb=\box34

(/usr/share/texlive/texmf-dist/tex/latex/ms/everyshi.sty
Package: everyshi 2001/05/15 v3.00 EveryShipout Package (MS)
))
(/usr/share/texmf/tex/generic/pgf/utilities/pgfrcs.code.tex
Package: pgfrcs 2010/10/25 v2.10 (rcs-revision 1.24)
))
(/usr/share/texmf/tex/generic/pgf/systemlayer/pgfsys.code.tex
Package: pgfsys 2010/06/30 v2.10 (rcs-revision 1.37)

(/usr/share/texmf/tex/generic/pgf/utilities/pgfkeys.code.tex
\pgfkeys@pathtoks=\toks17
\pgfkeys@temptoks=\toks18

(/usr/share/texmf/tex/generic/pgf/utilities/pgfkeysfiltered.code.tex
\pgfkeys@tmptoks=\toks19
))
\pgf@x=\dimen129
\pgf@y=\dimen130
\pgf@xa=\dimen131
\pgf@ya=\dimen132
\pgf@xb=\dimen133
\pgf@yb=\dimen134
\pgf@xc=\dimen135
\pgf@yc=\dimen136
\w@pgf@writea=\write3
\r@pgf@reada=\read1
\c@pgf@counta=\count106
\c@pgf@countb=\count107
\c@pgf@countc=\count108
\c@pgf@countd=\count109

(/usr/share/texmf/tex/generic/pgf/systemlayer/pgf.cfg
File: pgf.cfg 2008/05/14  (rcs-revision 1.7)
)
Package pgfsys Info: Driver file for pgf: pgfsys-pdftex.def on input line 900.

(/usr/share/texmf/tex/generic/pgf/systemlayer/pgfsys-pdftex.def
File: pgfsys-pdftex.def 2009/05/22  (rcs-revision 1.26)

(/usr/share/texmf/tex/generic/pgf/systemlayer/pgfsys-common-pdf.def
File: pgfsys-common-pdf.def 2008/05/19  (rcs-revision 1.10)
)))
(/usr/share/texmf/tex/generic/pgf/systemlayer/pgfsyssoftpath.code.tex
File: pgfsyssoftpath.code.tex 2008/07/18  (rcs-revision 1.7)
\pgfsyssoftpath@smallbuffer@items=\count110
\pgfsyssoftpath@bigbuffer@items=\count111
)
(/usr/share/texmf/tex/generic/pgf/systemlayer/pgfsysprotocol.code.tex
File: pgfsysprotocol.code.tex 2006/10/16  (rcs-revision 1.4)
))
(/usr/share/texmf/tex/latex/xcolor/xcolor.sty
Package: xcolor 2007/01/21 v2.11 LaTeX color extensions (UK)

(/usr/share/texlive/texmf-dist/tex/latex/latexconfig/color.cfg
File: color.cfg 2007/01/18 v1.5 color configuration of teTeX/TeXLive
)
Package xcolor Info: Driver file: pdftex.def on input line 225.
Package xcolor Info: Model `cmy' substituted by `cmy0' on input line 1337.
Package xcolor Info: Model `hsb' substituted by `rgb' on input line 1341.
Package xcolor Info: Model `RGB' extended on input line 1353.
Package xcolor Info: Model `HTML' substituted by `rgb' on input line 1355.
Package xcolor Info: Model `Hsb' substituted by `hsb' on input line 1356.
Package xcolor Info: Model `tHsb' substituted by `hsb' on input line 1357.
Package xcolor Info: Model `HSB' substituted by `hsb' on input line 1358.
Package xcolor Info: Model `Gray' substituted by `gray' on input line 1359.
Package xcolor Info: Model `wave' substituted by `hsb' on input line 1360.
)
(/usr/share/texmf/tex/generic/pgf/basiclayer/pgfcore.code.tex
Package: pgfcore 2010/04/11 v2.10 (rcs-revision 1.7)

(/usr/share/texmf/tex/generic/pgf/math/pgfmath.code.tex
(/usr/share/texmf/tex/generic/pgf/math/pgfmathcalc.code.tex
(/usr/share/texmf/tex/generic/pgf/math/pgfmathutil.code.tex)
(/usr/share/texmf/tex/generic/pgf/math/pgfmathparser.code.tex
\pgfmath@dimen=\dimen137
\pgfmath@count=\count112
\pgfmath@box=\box35
\pgfmath@toks=\toks20
\pgfmath@stack@operand=\toks21
\pgfmath@stack@operation=\toks22
)
(/usr/share/texmf/tex/generic/pgf/math/pgfmathfunctions.code.tex
(/usr/share/texmf/tex/generic/pgf/math/pgfmathfunctions.basic.code.tex)
(/usr/share/texmf/tex/generic/pgf/math/pgfmathfunctions.trigonometric.code.tex)
(/usr/share/texmf/tex/generic/pgf/math/pgfmathfunctions.random.code.tex)
(/usr/share/texmf/tex/generic/pgf/math/pgfmathfunctions.comparison.code.tex)
(/usr/share/texmf/tex/generic/pgf/math/pgfmathfunctions.base.code.tex)
(/usr/share/texmf/tex/generic/pgf/math/pgfmathfunctions.round.code.tex)
(/usr/share/texmf/tex/generic/pgf/math/pgfmathfunctions.misc.code.tex)))
(/usr/share/texmf/tex/generic/pgf/math/pgfmathfloat.code.tex
\c@pgfmathroundto@lastzeros=\count113
))
(/usr/share/texmf/tex/generic/pgf/basiclayer/pgfcorepoints.code.tex
File: pgfcorepoints.code.tex 2010/04/09  (rcs-revision 1.20)
\pgf@picminx=\dimen138
\pgf@picmaxx=\dimen139
\pgf@picminy=\dimen140
\pgf@picmaxy=\dimen141
\pgf@pathminx=\dimen142
\pgf@pathmaxx=\dimen143
\pgf@pathminy=\dimen144
\pgf@pathmaxy=\dimen145
\pgf@xx=\dimen146
\pgf@xy=\dimen147
\pgf@yx=\dimen148
\pgf@yy=\dimen149
\pgf@zx=\dimen150
\pgf@zy=\dimen151
)
(/usr/share/texmf/tex/generic/pgf/basiclayer/pgfcorepathconstruct.code.tex
File: pgfcorepathconstruct.code.tex 2010/08/03  (rcs-revision 1.24)
\pgf@path@lastx=\dimen152
\pgf@path@lasty=\dimen153
)
(/usr/share/texmf/tex/generic/pgf/basiclayer/pgfcorepathusage.code.tex
File: pgfcorepathusage.code.tex 2008/04/22  (rcs-revision 1.12)
\pgf@shorten@end@additional=\dimen154
\pgf@shorten@start@additional=\dimen155
)
(/usr/share/texmf/tex/generic/pgf/basiclayer/pgfcorescopes.code.tex
File: pgfcorescopes.code.tex 2010/09/08  (rcs-revision 1.34)
\pgfpic=\box36
\pgf@hbox=\box37
\pgf@layerbox@main=\box38
\pgf@picture@serial@count=\count114
)
(/usr/share/texmf/tex/generic/pgf/basiclayer/pgfcoregraphicstate.code.tex
File: pgfcoregraphicstate.code.tex 2008/04/22  (rcs-revision 1.9)
\pgflinewidth=\dimen156
)
(/usr/share/texmf/tex/generic/pgf/basiclayer/pgfcoretransformations.code.tex
File: pgfcoretransformations.code.tex 2009/06/10  (rcs-revision 1.11)
\pgf@pt@x=\dimen157
\pgf@pt@y=\dimen158
\pgf@pt@temp=\dimen159
)
(/usr/share/texmf/tex/generic/pgf/basiclayer/pgfcorequick.code.tex
File: pgfcorequick.code.tex 2008/10/09  (rcs-revision 1.3)
)
(/usr/share/texmf/tex/generic/pgf/basiclayer/pgfcoreobjects.code.tex
File: pgfcoreobjects.code.tex 2006/10/11  (rcs-revision 1.2)
)
(/usr/share/texmf/tex/generic/pgf/basiclayer/pgfcorepathprocessing.code.tex
File: pgfcorepathprocessing.code.tex 2008/10/09  (rcs-revision 1.8)
)
(/usr/share/texmf/tex/generic/pgf/basiclayer/pgfcorearrows.code.tex
File: pgfcorearrows.code.tex 2008/04/23  (rcs-revision 1.11)
)
(/usr/share/texmf/tex/generic/pgf/basiclayer/pgfcoreshade.code.tex
File: pgfcoreshade.code.tex 2008/11/23  (rcs-revision 1.13)
\pgf@max=\dimen160
\pgf@sys@shading@range@num=\count115
)
(/usr/share/texmf/tex/generic/pgf/basiclayer/pgfcoreimage.code.tex
File: pgfcoreimage.code.tex 2010/03/25  (rcs-revision 1.16)

(/usr/share/texmf/tex/generic/pgf/basiclayer/pgfcoreexternal.code.tex
File: pgfcoreexternal.code.tex 2010/09/01  (rcs-revision 1.17)
\pgfexternal@startupbox=\box39
))
(/usr/share/texmf/tex/generic/pgf/basiclayer/pgfcorelayers.code.tex
File: pgfcorelayers.code.tex 2010/08/27  (rcs-revision 1.2)
)
(/usr/share/texmf/tex/generic/pgf/basiclayer/pgfcoretransparency.code.tex
File: pgfcoretransparency.code.tex 2008/01/17  (rcs-revision 1.2)
)
(/usr/share/texmf/tex/generic/pgf/basiclayer/pgfcorepatterns.code.tex
File: pgfcorepatterns.code.tex 2009/07/02  (rcs-revision 1.3)
)))
(/usr/share/texmf/tex/latex/pgf/utilities/xxcolor.sty
Package: xxcolor 2003/10/24 ver 0.1
\XC@nummixins=\count116
\XC@countmixins=\count117
)
(/usr/share/texlive/texmf-dist/tex/latex/hyperref/hyperref.sty
Package: hyperref 2012/05/13 v6.82q Hypertext links for LaTeX

(/usr/share/texlive/texmf-dist/tex/generic/oberdiek/hobsub-hyperref.sty
Package: hobsub-hyperref 2012/05/28 v1.13 Bundle oberdiek, subset hyperref (HO)


(/usr/share/texlive/texmf-dist/tex/generic/oberdiek/hobsub-generic.sty
Package: hobsub-generic 2012/05/28 v1.13 Bundle oberdiek, subset generic (HO)
Package: hobsub 2012/05/28 v1.13 Construct package bundles (HO)
Package hobsub Info: Skipping package `infwarerr' (already loaded).
Package hobsub Info: Skipping package `ltxcmds' (already loaded).
Package: ifluatex 2010/03/01 v1.3 Provides the ifluatex switch (HO)
Package ifluatex Info: LuaTeX not detected.
Package hobsub Info: Skipping package `ifvtex' (already loaded).
Package: intcalc 2007/09/27 v1.1 Expandable calculations with integers (HO)
Package hobsub Info: Skipping package `ifpdf' (already loaded).
Package: etexcmds 2011/02/16 v1.5 Avoid name clashes with e-TeX commands (HO)
Package etexcmds Info: Could not find \expanded.
(etexcmds)             That can mean that you are not using pdfTeX 1.50 or
(etexcmds)             that some package has redefined \expanded.
(etexcmds)             In the latter case, load this package earlier.
Package: kvsetkeys 2012/04/25 v1.16 Key value parser (HO)
Package: kvdefinekeys 2011/04/07 v1.3 Define keys (HO)
Package: pdftexcmds 2011/11/29 v0.20 Utility functions of pdfTeX for LuaTeX (HO
)
Package pdftexcmds Info: LuaTeX not detected.
Package pdftexcmds Info: \pdf@primitive is available.
Package pdftexcmds Info: \pdf@ifprimitive is available.
Package pdftexcmds Info: \pdfdraftmode found.
Package: pdfescape 2011/11/25 v1.13 Implements pdfTeX's escape features (HO)
Package: bigintcalc 2012/04/08 v1.3 Expandable calculations on big integers (HO
)
Package: bitset 2011/01/30 v1.1 Handle bit-vector datatype (HO)
Package: uniquecounter 2011/01/30 v1.2 Provide unlimited unique counter (HO)
)
Package hobsub Info: Skipping package `hobsub' (already loaded).
Package: letltxmacro 2010/09/02 v1.4 Let assignment for LaTeX macros (HO)
Package: hopatch 2012/05/28 v1.2 Wrapper for package hooks (HO)
Package: xcolor-patch 2011/01/30 xcolor patch
Package: atveryend 2011/06/30 v1.8 Hooks at the very end of document (HO)
Package atveryend Info: \enddocument detected (standard20110627).
Package: atbegshi 2011/10/05 v1.16 At begin shipout hook (HO)
Package: refcount 2011/10/16 v3.4 Data extraction from label references (HO)
Package: hycolor 2011/01/30 v1.7 Color options for hyperref/bookmark (HO)
)
(/usr/share/texlive/texmf-dist/tex/latex/oberdiek/kvoptions.sty
Package: kvoptions 2011/06/30 v3.11 Key value format for package options (HO)
)
\@linkdim=\dimen161
\Hy@linkcounter=\count118
\Hy@pagecounter=\count119

(/usr/share/texlive/texmf-dist/tex/latex/hyperref/pd1enc.def
File: pd1enc.def 2012/05/13 v6.82q Hyperref: PDFDocEncoding definition (HO)
)
\Hy@SavedSpaceFactor=\count120

(/usr/share/texlive/texmf-dist/tex/latex/latexconfig/hyperref.cfg
File: hyperref.cfg 2002/06/06 v1.2 hyperref configuration of TeXLive
)
Package hyperref Info: Option `bookmarks' set `true' on input line 3941.
Package hyperref Info: Option `bookmarksopen' set `true' on input line 3941.
Package hyperref Info: Option `implicit' set `false' on input line 3941.
Package hyperref Info: Hyper figures OFF on input line 4062.
Package hyperref Info: Link nesting OFF on input line 4067.
Package hyperref Info: Hyper index ON on input line 4070.
Package hyperref Info: Plain pages OFF on input line 4077.
Package hyperref Info: Backreferencing OFF on input line 4082.
Package hyperref Info: Implicit mode OFF; no redefinition of LaTeX internals.
Package hyperref Info: Bookmarks ON on input line 4300.
\c@Hy@tempcnt=\count121

(/usr/share/texlive/texmf-dist/tex/latex/url/url.sty
\Urlmuskip=\muskip10
Package: url 2006/04/12  ver 3.3  Verb mode for urls, etc.
)
LaTeX Info: Redefining \url on input line 4653.
\Fld@menulength=\count122
\Field@Width=\dimen162
\Fld@charsize=\dimen163
Package hyperref Info: Hyper figures OFF on input line 5773.
Package hyperref Info: Link nesting OFF on input line 5778.
Package hyperref Info: Hyper index ON on input line 5781.
Package hyperref Info: backreferencing OFF on input line 5788.
Package hyperref Info: Link coloring OFF on input line 5793.
Package hyperref Info: Link coloring with OCG OFF on input line 5798.
Package hyperref Info: PDF/A mode OFF on input line 5803.
LaTeX Info: Redefining \ref on input line 5843.
LaTeX Info: Redefining \pageref on input line 5847.
\Hy@abspage=\count123


Package hyperref Message: Stopped early.

)

Package hyperref Message: Driver (autodetected): hpdftex.

(/usr/share/texlive/texmf-dist/tex/latex/hyperref/hpdftex.def
File: hpdftex.def 2012/05/13 v6.82q Hyperref driver for pdfTeX
\Fld@listcount=\count124
\c@bookmark@seq@number=\count125

(/usr/share/texlive/texmf-dist/tex/latex/oberdiek/rerunfilecheck.sty
Package: rerunfilecheck 2011/04/15 v1.7 Rerun checks for auxiliary files (HO)
Package uniquecounter Info: New unique counter `rerunfilecheck' on input line 2
82.
))
(/usr/share/texmf/tex/latex/beamer/base/beamerbaserequires.sty
Package: beamerbaserequires 2010/05/01  (rcs-revision efa082c6111d)

(/usr/share/texmf/tex/latex/beamer/base/beamerbasecompatibility.sty
Package: beamerbasecompatibility 2010/07/12  (rcs-revision 6648c3177e4e)
)
(/usr/share/texmf/tex/latex/beamer/base/beamerbasefont.sty
Package: beamerbasefont 2010/05/10  (rcs-revision cd36e8a33c6b)

(/usr/share/texlive/texmf-dist/tex/latex/amsfonts/amssymb.sty
Package: amssymb 2009/06/22 v3.00

(/usr/share/texlive/texmf-dist/tex/latex/amsfonts/amsfonts.sty
Package: amsfonts 2009/06/22 v3.00 Basic AMSFonts support
\@emptytoks=\toks23
\symAMSa=\mathgroup4
\symAMSb=\mathgroup5
LaTeX Font Info:    Overwriting math alphabet `\mathfrak' in version `bold'
(Font)                  U/euf/m/n --> U/euf/b/n on input line 96.
)))
(/usr/share/texmf/tex/latex/beamer/base/beamerbasetranslator.sty
Package: beamerbasetranslator 2010/06/11  (rcs-revision 85fd1cc7fc42)

(/usr/share/texmf/tex/latex/beamer/base/translator/translator.sty
Package: translator 2010/06/12 ver 1.10

(/usr/share/texmf/tex/latex/beamer/base/translator/translator-language-mappings
.tex))) (/usr/share/texmf/tex/latex/beamer/base/beamerbasemisc.sty
Package: beamerbasemisc 2010/06/06  (rcs-revision bff0a9294b45)
)
(/usr/share/texmf/tex/latex/beamer/base/beamerbasetwoscreens.sty
Package: beamerbasetwoscreens 2010/05/01  (rcs-revision efa082c6111d)
)
(/usr/share/texmf/tex/latex/beamer/base/beamerbaseoverlay.sty
Package: beamerbaseoverlay 2010/05/07  (rcs-revision 5584dad462a9)
\beamer@argscount=\count126
\beamer@lastskipcover=\skip44
\beamer@trivlistdepth=\count127
)
(/usr/share/texmf/tex/latex/beamer/base/beamerbasetitle.sty
Package: beamerbasetitle 2010/06/12  (rcs-revision 717e481ca47a)
)
(/usr/share/texmf/tex/latex/beamer/base/beamerbasesection.sty
Package: beamerbasesection 2010/06/17  (rcs-revision e0d9401bb743)
\c@lecture=\count128
\c@part=\count129
\c@section=\count130
\c@subsection=\count131
\c@subsubsection=\count132
)
(/usr/share/texmf/tex/latex/beamer/base/beamerbaseframe.sty
Package: beamerbaseframe 2010/06/06  (rcs-revision bff0a9294b45)
\beamer@framebox=\box40
\beamer@frametitlebox=\box41
\beamer@zoombox=\box42
\beamer@zoomcount=\count133
\beamer@zoomframecount=\count134
\beamer@frametextheight=\dimen164
\c@subsectionslide=\count135
\beamer@frametopskip=\skip45
\beamer@framebottomskip=\skip46
\beamer@frametopskipautobreak=\skip47
\beamer@framebottomskipautobreak=\skip48
\beamer@envbody=\toks24
\c@framenumber=\count136
)
(/usr/share/texmf/tex/latex/beamer/base/beamerbaseverbatim.sty
Package: beamerbaseverbatim 2010/05/01  (rcs-revision efa082c6111d)
\beamer@verbatimfileout=\write4
)
(/usr/share/texmf/tex/latex/beamer/base/beamerbaseframesize.sty
Package: beamerbaseframesize 2010/06/27  (rcs-revision 6baa2d92e6f1)
\beamer@splitbox=\box43
\beamer@autobreakcount=\count137
\beamer@autobreaklastheight=\dimen165
\beamer@frametitletoks=\toks25
\beamer@framesubtitletoks=\toks26
)
(/usr/share/texmf/tex/latex/beamer/base/beamerbaseframecomponents.sty
Package: beamerbaseframecomponents 2010/07/12  (rcs-revision 09e82992d9b1)
\beamer@footins=\box44
)
(/usr/share/texmf/tex/latex/beamer/base/beamerbasecolor.sty
Package: beamerbasecolor 2010/06/06  (rcs-revision d1a9b48be06d)
)
(/usr/share/texmf/tex/latex/beamer/base/beamerbasenotes.sty
Package: beamerbasenotes 2010/05/01  (rcs-revision efa082c6111d)
\beamer@frameboxcopy=\box45
)
(/usr/share/texmf/tex/latex/beamer/base/beamerbasetoc.sty
Package: beamerbasetoc 2010/06/11  (rcs-revision 242ecaa6783b)
)
(/usr/share/texmf/tex/latex/beamer/base/beamerbasetemplates.sty
Package: beamerbasetemplates 2010/05/01  (rcs-revision efa082c6111d)
\beamer@sbttoks=\toks27

(/usr/share/texmf/tex/latex/beamer/base/beamerbaseauxtemplates.sty
Package: beamerbaseauxtemplates 2010/05/01  (rcs-revision efa082c6111d)

(/usr/share/texmf/tex/latex/beamer/base/beamerbaseboxes.sty
Package: beamerbaseboxes 2010/05/01  (rcs-revision efa082c6111d)
\bmb@box=\box46
\bmb@colorbox=\box47
\bmb@boxshadow=\box48
\bmb@boxshadowball=\box49
\bmb@boxshadowballlarge=\box50
\bmb@temp=\dimen166
\bmb@dima=\dimen167
\bmb@dimb=\dimen168
\bmb@prevheight=\dimen169
)
\beamer@blockheadheight=\dimen170
))
(/usr/share/texmf/tex/latex/beamer/base/beamerbaselocalstructure.sty
Package: beamerbaselocalstructure 2010/06/01  (rcs-revision 81f9e33f7cc2)

(/usr/share/texlive/texmf-dist/tex/latex/tools/enumerate.sty
Package: enumerate 1999/03/05 v3.00 enumerate extensions (DPC)
\@enLab=\toks28
)
\c@figure=\count138
\c@table=\count139
\abovecaptionskip=\skip49
\belowcaptionskip=\skip50
)
(/usr/share/texmf/tex/latex/beamer/base/beamerbasenavigation.sty
Package: beamerbasenavigation 2010/05/01  (rcs-revision efa082c6111d)
)
(/usr/share/texmf/tex/latex/beamer/base/beamerbasetheorems.sty
Package: beamerbasetheorems 2010/06/06  (rcs-revision 7e7cc5e53e9d)

(/usr/share/texlive/texmf-dist/tex/latex/amsmath/amsmath.sty
Package: amsmath 2000/07/18 v2.13 AMS math features
\@mathmargin=\skip51

For additional information on amsmath, use the `?' option.
(/usr/share/texlive/texmf-dist/tex/latex/amsmath/amstext.sty
Package: amstext 2000/06/29 v2.01

(/usr/share/texlive/texmf-dist/tex/latex/amsmath/amsgen.sty
File: amsgen.sty 1999/11/30 v2.0
\@emptytoks=\toks29
\ex@=\dimen171
))
(/usr/share/texlive/texmf-dist/tex/latex/amsmath/amsbsy.sty
Package: amsbsy 1999/11/29 v1.2d
\pmbraise@=\dimen172
)
(/usr/share/texlive/texmf-dist/tex/latex/amsmath/amsopn.sty
Package: amsopn 1999/12/14 v2.01 operator names
)
\inf@bad=\count140
LaTeX Info: Redefining \frac on input line 211.
\uproot@=\count141
\leftroot@=\count142
LaTeX Info: Redefining \overline on input line 307.
\classnum@=\count143
\DOTSCASE@=\count144
LaTeX Info: Redefining \ldots on input line 379.
LaTeX Info: Redefining \dots on input line 382.
LaTeX Info: Redefining \cdots on input line 467.
\Mathstrutbox@=\box51
\strutbox@=\box52
\big@size=\dimen173
LaTeX Font Info:    Redeclaring font encoding OML on input line 567.
LaTeX Font Info:    Redeclaring font encoding OMS on input line 568.
\macc@depth=\count145
\c@MaxMatrixCols=\count146
\dotsspace@=\muskip11
\c@parentequation=\count147
\dspbrk@lvl=\count148
\tag@help=\toks30
\row@=\count149
\column@=\count150
\maxfields@=\count151
\andhelp@=\toks31
\eqnshift@=\dimen174
\alignsep@=\dimen175
\tagshift@=\dimen176
\tagwidth@=\dimen177
\totwidth@=\dimen178
\lineht@=\dimen179
\@envbody=\toks32
\multlinegap=\skip52
\multlinetaggap=\skip53
\mathdisplay@stack=\toks33
LaTeX Info: Redefining \[ on input line 2666.
LaTeX Info: Redefining \] on input line 2667.
)
(/usr/share/texlive/texmf-dist/tex/latex/amscls/amsthm.sty
Package: amsthm 2009/07/02 v2.20.1
\thm@style=\toks34
\thm@bodyfont=\toks35
\thm@headfont=\toks36
\thm@notefont=\toks37
\thm@headpunct=\toks38
\thm@preskip=\skip54
\thm@postskip=\skip55
\thm@headsep=\skip56
\dth@everypar=\toks39
)
\c@theorem=\count152
)
(/usr/share/texmf/tex/latex/beamer/base/beamerbasethemes.sty
Package: beamerbasethemes 2010/05/01  (rcs-revision efa082c6111d)
))
(/usr/share/texmf/tex/latex/beamer/base/themes/theme/beamerthemedefault.sty
Package: beamerthemedefault 2010/06/17  (rcs-revision d02a7cf4d8ae)

(/usr/share/texmf/tex/latex/beamer/base/themes/font/beamerfontthemedefault.sty
Package: beamerfontthemedefault 2010/06/17  (rcs-revision d02a7cf4d8ae)
)
(/usr/share/texmf/tex/latex/beamer/base/themes/color/beamercolorthemedefault.st
y
Package: beamercolorthemedefault 2010/06/17  (rcs-revision d02a7cf4d8ae)
)
(/usr/share/texmf/tex/latex/beamer/base/themes/inner/beamerinnerthemedefault.st
y
Package: beamerinnerthemedefault 2010/06/17  (rcs-revision d02a7cf4d8ae)
\beamer@dima=\dimen180
\beamer@dimb=\dimen181
)
(/usr/share/texmf/tex/latex/beamer/base/themes/outer/beamerouterthemedefault.st
y
Package: beamerouterthemedefault 2010/06/17  (rcs-revision d02a7cf4d8ae)
))) (/usr/share/texlive/texmf-dist/tex/latex/eepic/epic.sty
Enhancements to Picture Environment. Version 1.2 - Released June 1, 1986
\@@multicnt=\count153
\d@lta=\count154
\@delta=\dimen182
\@@delta=\dimen183
\@gridcnt=\count155
\@joinkind=\count156
\@dotgap=\dimen184
\@ddotgap=\dimen185
\@x@diff=\count157
\@y@diff=\count158
\x@diff=\dimen186
\y@diff=\dimen187
\@dotbox=\box53
\num@segments=\count159
\num@segmentsi=\count160
\@datafile=\read2
) (/usr/share/texlive/texmf-dist/tex/latex/graphics/epsfig.sty
Package: epsfig 1999/02/16 v1.7a (e)psfig emulation (SPQR)
\epsfxsize=\dimen188
\epsfysize=\dimen189
)
(/usr/share/texlive/texmf-dist/tex/latex/eepic/eepicemu.sty
Emulation of EEPIC using EPIC. Version 1.1a - Released Febrary 1, 1988
\@spxcnt=\count161
\@spycnt=\count162
\@ispxcnt=\count163
\@ispycnt=\count164
\@cmidxcnt=\count165
\@cmidycnt=\count166
\maxovaldiam=\dimen190
) (/usr/share/texlive/texmf-dist/tex/latex/base/alltt.sty
Package: alltt 1997/06/16 v2.0g defines alltt environment
)
(/usr/share/texlive/texmf-dist/tex/latex/cancel/cancel.sty
Package: cancel 2000/03/12 v2.1 Cancel math terms
)
(/usr/share/texlive/texmf-dist/tex/latex/tools/hhline.sty
Package: hhline 1994/05/23 v2.03 Table rule package (DPC)
)
(/usr/share/texlive/texmf-dist/tex/latex/tools/verbatim.sty
Package: verbatim 2003/08/22 v1.5q LaTeX2e package for verbatim enhancements
\every@verbatim=\toks40
\verbatim@line=\toks41
\verbatim@in@stream=\read3
)
(/usr/share/texlive/texmf-dist/tex/latex/boxedminipage/boxedminipage.sty)
(/usr/share/texlive/texmf-dist/tex/latex/listings/listings.sty
\lst@mode=\count167
\lst@gtempboxa=\box54
\lst@token=\toks42
\lst@length=\count168
\lst@currlwidth=\dimen191
\lst@column=\count169
\lst@pos=\count170
\lst@lostspace=\dimen192
\lst@width=\dimen193
\lst@newlines=\count171
\lst@lineno=\count172
\lst@maxwidth=\dimen194

(/usr/share/texlive/texmf-dist/tex/latex/listings/lstmisc.sty
File: lstmisc.sty 2007/02/22 1.4 (Carsten Heinz)
\c@lstnumber=\count173
\lst@skipnumbers=\count174
\lst@framebox=\box55
)
(/usr/share/texlive/texmf-dist/tex/latex/listings/listings.cfg
File: listings.cfg 2007/02/22 1.4 listings configuration
))
Package: listings 2007/02/22 1.4 (Carsten Heinz)

(/usr/share/texlive/texmf-dist/tex/latex/psnfss/helvet.sty
Package: helvet 2005/04/12 PSNFSS-v9.2a (WaS) 
)
(/usr/share/texmf/tex/latex/pgf/basiclayer/pgf.sty
Package: pgf 2008/01/15 v2.10 (rcs-revision 1.12)

(/usr/share/texmf/tex/generic/pgf/modules/pgfmoduleshapes.code.tex
File: pgfmoduleshapes.code.tex 2010/09/09  (rcs-revision 1.13)
\pgfnodeparttextbox=\box56
)
(/usr/share/texmf/tex/generic/pgf/modules/pgfmoduleplot.code.tex
File: pgfmoduleplot.code.tex 2010/10/22  (rcs-revision 1.8)
)
(/usr/share/texmf/tex/latex/pgf/compatibility/pgfcomp-version-0-65.sty
Package: pgfcomp-version-0-65 2007/07/03 v2.10 (rcs-revision 1.7)
\pgf@nodesepstart=\dimen195
\pgf@nodesepend=\dimen196
)
(/usr/share/texmf/tex/latex/pgf/compatibility/pgfcomp-version-1-18.sty
Package: pgfcomp-version-1-18 2007/07/23 v2.10 (rcs-revision 1.1)
))
(/usr/share/texmf/tex/latex/pgf/frontendlayer/tikz.sty
(/usr/share/texmf/tex/latex/pgf/utilities/pgffor.sty
(/usr/share/texmf/tex/latex/pgf/utilities/pgfkeys.sty
(/usr/share/texmf/tex/generic/pgf/utilities/pgfkeys.code.tex))
(/usr/share/texmf/tex/generic/pgf/utilities/pgffor.code.tex
Package: pgffor 2010/03/23 v2.10 (rcs-revision 1.18)
\pgffor@iter=\dimen197
\pgffor@skip=\dimen198
\pgffor@stack=\toks43
\pgffor@toks=\toks44
))
(/usr/share/texmf/tex/generic/pgf/frontendlayer/tikz/tikz.code.tex
Package: tikz 2010/10/13 v2.10 (rcs-revision 1.76)

(/usr/share/texmf/tex/generic/pgf/libraries/pgflibraryplothandlers.code.tex
File: pgflibraryplothandlers.code.tex 2010/05/31 v2.10 (rcs-revision 1.15)
\pgf@plot@mark@count=\count175
\pgfplotmarksize=\dimen199
)
\tikz@lastx=\dimen200
\tikz@lasty=\dimen201
\tikz@lastxsaved=\dimen202
\tikz@lastysaved=\dimen203
\tikzleveldistance=\dimen204
\tikzsiblingdistance=\dimen205
\tikz@figbox=\box57
\tikz@tempbox=\box58
\tikztreelevel=\count176
\tikznumberofchildren=\count177
\tikznumberofcurrentchild=\count178
\tikz@fig@count=\count179

(/usr/share/texmf/tex/generic/pgf/modules/pgfmodulematrix.code.tex
File: pgfmodulematrix.code.tex 2010/08/24  (rcs-revision 1.4)
\pgfmatrixcurrentrow=\count180
\pgfmatrixcurrentcolumn=\count181
\pgf@matrix@numberofcolumns=\count182
)
\tikz@expandcount=\count183

(/usr/share/texmf/tex/generic/pgf/frontendlayer/tikz/libraries/tikzlibrarytopat
hs.code.tex
File: tikzlibrarytopaths.code.tex 2008/06/17 v2.10 (rcs-revision 1.2)
))) (/usr/share/texlive/texmf-dist/tex/latex/tools/xspace.sty
Package: xspace 2009/10/20 v1.13 Space after command names (DPC,MH)
)
(/usr/share/texlive/texmf-dist/tex/latex/doublestroke/dsfont.sty
Package: dsfont 1995/08/01 v0.1 Double stroke roman fonts
)
(/usr/share/texlive/texmf-dist/tex/latex/algorithms/algorithmic.sty
Package: algorithmic 2009/08/24 v0.1 Document Style `algorithmic'

(/usr/share/texlive/texmf-dist/tex/latex/base/ifthen.sty
Package: ifthen 2001/05/26 v1.1c Standard LaTeX ifthen package (DPC)
)
\c@ALC@unique=\count184
\c@ALC@line=\count185
\c@ALC@rem=\count186
\c@ALC@depth=\count187
\ALC@tlm=\skip57
\algorithmicindent=\skip58
)
(/usr/share/texlive/texmf-dist/tex/latex/jknapltx/mathrsfs.sty
Package: mathrsfs 1996/01/01 Math RSFS package v1.0 (jk)
\symrsfs=\mathgroup6
)
(/usr/share/texlive/texmf-dist/tex/latex/psnfss/pifont.sty
Package: pifont 2005/04/12 PSNFSS-v9.2a Pi font support (SPQR) 
LaTeX Font Info:    Try loading font information for U+pzd on input line 63.

(/usr/share/texlive/texmf-dist/tex/latex/psnfss/upzd.fd
File: upzd.fd 2001/06/04 font definitions for U/pzd.
)
LaTeX Font Info:    Try loading font information for U+psy on input line 64.

(/usr/share/texlive/texmf-dist/tex/latex/psnfss/upsy.fd
File: upsy.fd 2001/06/04 font definitions for U/psy.
))

Package hyperref Warning: Token not allowed in a PDF string (PDFDocEncoding):
(hyperref)                removing `\<def>-command' on input line 32.


Package hyperref Warning: Token not allowed in a PDF string (PDFDocEncoding):
(hyperref)                removing `\inst' on input line 32.


Package hyperref Warning: Token not allowed in a PDF string (PDFDocEncoding):
(hyperref)                removing `\<def>-command' on input line 32.


Package hyperref Warning: Token not allowed in a PDF string (PDFDocEncoding):
(hyperref)                removing `\and' on input line 32.

<satabs-small.png, id=8, 34.9305pt x 9.3951pt>
File: satabs-small.png Graphic file (type png)
 <use satabs-small.png>
Package pdftex.def Info: satabs-small.png used on input line 39.
(pdftex.def)             Requested size: 56.9055pt x 15.30582pt.

(/usr/share/texmf/tex/latex/beamer/base/themes/theme/beamerthemeboxes.sty
Package: beamerthemeboxes 2010/06/17  (rcs-revision d02a7cf4d8ae)
\beamer@boxheadheight=\dimen206
\beamer@boxfootheight=\dimen207
\beamer@headboxes=\count188
\beamer@headboxsizes=\dimen208
\beamer@currentbox=\count189
\beamer@footboxes=\count190
\beamer@footboxsizes=\dimen209
)
(/usr/share/texmf/tex/latex/beamer/base/themes/font/beamerfontthemeserif.sty
Package: beamerfontthemeserif 2010/06/17  (rcs-revision d02a7cf4d8ae)
)
(/usr/share/texmf/tex/latex/beamer/base/themes/color/beamercolorthemestructure.
sty
Package: beamercolorthemestructure 2010/06/17  (rcs-revision d02a7cf4d8ae)
)) (./satabs-slides.aux)
\openout1 = `satabs-slides.aux'.

LaTeX Font Info:    Checking defaults for OML/cmm/m/it on input line 21.
LaTeX Font Info:    ... okay on input line 21.
LaTeX Font Info:    Checking defaults for T1/cmr/m/n on input line 21.
LaTeX Font Info:    ... okay on input line 21.
LaTeX Font Info:    Checking defaults for OT1/cmr/m/n on input line 21.
LaTeX Font Info:    ... okay on input line 21.
LaTeX Font Info:    Checking defaults for OMS/cmsy/m/n on input line 21.
LaTeX Font Info:    ... okay on input line 21.
LaTeX Font Info:    Checking defaults for OMX/cmex/m/n on input line 21.
LaTeX Font Info:    ... okay on input line 21.
LaTeX Font Info:    Checking defaults for U/cmr/m/n on input line 21.
LaTeX Font Info:    ... okay on input line 21.
LaTeX Font Info:    Checking defaults for PD1/pdf/m/n on input line 21.
LaTeX Font Info:    ... okay on input line 21.
LaTeX Font Info:    Try loading font information for OT1+phv on input line 21.

(/usr/share/texlive/texmf-dist/tex/latex/psnfss/ot1phv.fd
File: ot1phv.fd 2001/06/04 scalable font definitions for OT1/phv.
)
*geometry* driver: auto-detecting
*geometry* detected driver: pdftex
*geometry* verbose mode - [ preamble ] result:
* driver: pdftex
* paper: custom
* layout: <same size as paper>
* layoutoffset:(h,v)=(0.0pt,0.0pt)
* modes: includehead includefoot 
* h-part:(L,W,R)=(28.45274pt, 307.28987pt, 28.45274pt)
* v-part:(T,H,B)=(0.0pt, 273.14662pt, 0.0pt)
* \paperwidth=364.19536pt
* \paperheight=273.14662pt
* \textwidth=307.28987pt
* \textheight=244.6939pt
* \oddsidemargin=-43.81725pt
* \evensidemargin=-43.81725pt
* \topmargin=-72.26999pt
* \headheight=14.22636pt
* \headsep=0.0pt
* \topskip=11.0pt
* \footskip=14.22636pt
* \marginparwidth=4.0pt
* \marginparsep=10.0pt
* \columnsep=10.0pt
* \skip\footins=10.0pt plus 4.0pt minus 2.0pt
* \hoffset=0.0pt
* \voffset=0.0pt
* \mag=1000
* \@twocolumnfalse
* \@twosidefalse
* \@mparswitchfalse
* \@reversemarginfalse
* (1in=72.27pt=25.4mm, 1cm=28.453pt)

(/usr/share/texlive/texmf-dist/tex/context/base/supp-pdf.mkii
[Loading MPS to PDF converter (version 2006.09.02).]
\scratchcounter=\count191
\scratchdimen=\dimen210
\scratchbox=\box59
\nofMPsegments=\count192
\nofMParguments=\count193
\everyMPshowfont=\toks45
\MPscratchCnt=\count194
\MPscratchDim=\dimen211
\MPnumerator=\count195
\makeMPintoPDFobject=\count196
\everyMPtoPDFconversion=\toks46
) (/usr/share/texlive/texmf-dist/tex/latex/oberdiek/epstopdf-base.sty
Package: epstopdf-base 2010/02/09 v2.5 Base part for package epstopdf

(/usr/share/texlive/texmf-dist/tex/latex/oberdiek/grfext.sty
Package: grfext 2010/08/19 v1.1 Manage graphics extensions (HO)
)
Package grfext Info: Graphics extension search list:
(grfext)             [.pdftex,.png,.pdf,.jpg,.eps]
(grfext)             \AppendGraphicsExtensions on input line 452.

(/usr/share/texlive/texmf-dist/tex/latex/latexconfig/epstopdf-sys.cfg
File: epstopdf-sys.cfg 2010/07/13 v1.3 Configuration of (r)epstopdf for TeX Liv
e
))
ABD: EveryShipout initializing macros
\AtBeginShipoutBox=\box60
Package hyperref Info: Link coloring OFF on input line 21.

(/usr/share/texlive/texmf-dist/tex/latex/hyperref/nameref.sty
Package: nameref 2010/04/30 v2.40 Cross-referencing by name of section

(/usr/share/texlive/texmf-dist/tex/generic/oberdiek/gettitlestring.sty
Package: gettitlestring 2010/12/03 v1.4 Cleanup title references (HO)
)
\c@section@level=\count197
)
LaTeX Info: Redefining \ref on input line 21.
LaTeX Info: Redefining \pageref on input line 21.
LaTeX Info: Redefining \nameref on input line 21.

(./satabs-slides.out) (./satabs-slides.out)
\@outlinefile=\write5
\openout5 = `satabs-slides.out'.


(/usr/share/texmf/tex/latex/beamer/base/translator/dicts/translator-basic-dicti
onary/translator-basic-dictionary-English.dict
Dictionary: translator-basic-dictionary, Language: English 
)
(/usr/share/texmf/tex/latex/beamer/base/translator/dicts/translator-bibliograph
y-dictionary/translator-bibliography-dictionary-English.dict
Dictionary: translator-bibliography-dictionary, Language: English 
)
(/usr/share/texmf/tex/latex/beamer/base/translator/dicts/translator-environment
-dictionary/translator-environment-dictionary-English.dict
Dictionary: translator-environment-dictionary, Language: English 
)
(/usr/share/texmf/tex/latex/beamer/base/translator/dicts/translator-months-dict
ionary/translator-months-dictionary-English.dict
Dictionary: translator-months-dictionary, Language: English 
)
(/usr/share/texmf/tex/latex/beamer/base/translator/dicts/translator-numbers-dic
tionary/translator-numbers-dictionary-English.dict
Dictionary: translator-numbers-dictionary, Language: English 
)
(/usr/share/texmf/tex/latex/beamer/base/translator/dicts/translator-theorem-dic
tionary/translator-theorem-dictionary-English.dict
Dictionary: translator-theorem-dictionary, Language: English 
)
\c@lstlisting=\count198
 (./satabs-slides.nav)
LaTeX Font Info:    Font shape `OT1/phv/bx/n' in size <6> not available
(Font)              Font shape `OT1/phv/b/n' tried instead on input line 21.
File: satabs-small.png Graphic file (type png)

<use satabs-small.png>
Package pdftex.def Info: satabs-small.png used on input line 27.
(pdftex.def)             Requested size: 85.35826pt x 22.95882pt.
 [1

{/var/lib/texmf/fonts/map/pdftex/updmap/pdftex.map} <./satabs-small.png>] (./sa
tabs-slides.toc)
LaTeX Font Info:    Font shape `OT1/phv/bx/n' in size <12> not available
(Font)              Font shape `OT1/phv/b/n' tried instead on input line 38.
 [2

]
<bill_gates_718639.jpg, id=120, 84.315pt x 84.315pt>
File: bill_gates_718639.jpg Graphic file (type jpg)

<use bill_gates_718639.jpg>
Package pdftex.def Info: bill_gates_718639.jpg used on input line 73.
(pdftex.def)             Requested size: 61.45703pt x 61.45807pt.
LaTeX Font Info:    Font shape `OT1/phv/m/it' in size <10.95> not available
(Font)              Font shape `OT1/phv/m/sl' tried instead on input line 73.
LaTeX Font Info:    Font shape `OT1/phv/bx/n' in size <10.95> not available
(Font)              Font shape `OT1/phv/b/n' tried instead on input line 73.
LaTeX Font Info:    Font shape `OT1/phv/bx/sl' in size <10.95> not available
(Font)              Font shape `OT1/phv/b/sl' tried instead on input line 73.
LaTeX Font Info:    Try loading font information for U+msa on input line 73.

(/usr/share/texlive/texmf-dist/tex/latex/amsfonts/umsa.fd
File: umsa.fd 2009/06/22 v3.00 AMS symbols A
)
LaTeX Font Info:    Try loading font information for U+msb on input line 73.

(/usr/share/texlive/texmf-dist/tex/latex/amsfonts/umsb.fd
File: umsb.fd 2009/06/22 v3.00 AMS symbols B
)
LaTeX Font Info:    Try loading font information for U+rsfs on input line 73.

(/usr/share/texlive/texmf-dist/tex/latex/jknapltx/ursfs.fd
File: ursfs.fd 1998/03/24 rsfs font definition file (jk)
) [3

 <./bill_gates_718639.jpg>] [4

] [5

] [6

] [7

] [8

]
\sdist=\skip59
 [9

] [10

] [11

] [12

]
LaTeX Font Info:    Font shape `OT1/phv/m/it' in size <9> not available
(Font)              Font shape `OT1/phv/m/sl' tried instead on input line 297.
 [13

] [14

] [15

] [16

] [17

]
[18

] [19

] [20

] [21

] [22

] [23

] [24

] [25

] [26

] [27

] [28

] [29

] [30

] [31

] [32

]
[33

] [34

] [35

]
\openout4 = `satabs-slides.vrb'.

 (./satabs-slides.vrb
(/usr/share/texlive/texmf-dist/tex/latex/listings/lstlang1.sty
File: lstlang1.sty 2004/09/05 1.3 listings language file
)
(/usr/share/texlive/texmf-dist/tex/latex/listings/lstmisc.sty
File: lstmisc.sty 2007/02/22 1.4 (Carsten Heinz)
)
LaTeX Font Info:    Font shape `OT1/phv/bx/n' in size <10> not available
(Font)              Font shape `OT1/phv/b/n' tried instead on input line 24.
LaTeX Font Info:    Try loading font information for OMS+phv on input line 24.

(/usr/share/texlive/texmf-dist/tex/latex/psnfss/omsphv.fd
File: omsphv.fd 
)
LaTeX Font Info:    Font shape `OMS/phv/m/n' in size <10> not available
(Font)              Font shape `OMS/cmsy/m/n' tried instead on input line 24.
) [36

]
(./satabs-slides.vrb) [37

]
\vdist=\skip60
\hdist=\skip61
\openout4 = `satabs-slides.vrb'.

 (./satabs-slides.vrb
LaTeX Font Info:    Try loading font information for OML+phv on input line 9.

(/usr/share/texlive/texmf-dist/tex/latex/psnfss/omlphv.fd
File: omlphv.fd 
)
LaTeX Font Info:    Font shape `OML/phv/m/n' in size <10> not available
(Font)              Font shape `OML/cmm/m/it' tried instead on input line 9.

<images/note.pdf, id=1101, 182.61485pt x 135.72055pt>
File: images/note.pdf Graphic file (type pdf)
 <use images/note.pdf>
Package pdftex.def Info: images/note.pdf used on input line 22.
(pdftex.def)             Requested size: 99.5842pt x 74.01282pt.
)
[38

 <./images/note.pdf>] (./satabs-slides.vrb
File: images/note.pdf Graphic file (type pdf)
 <use images/note.pdf>
Package pdftex.def Info: images/note.pdf used on input line 22.
(pdftex.def)             Requested size: 99.5842pt x 74.01282pt.
) [39

]
\openout4 = `satabs-slides.vrb'.


(./satabs-slides.vrb
File: images/note.pdf Graphic file (type pdf)
 <use images/note.pdf>
Package pdftex.def Info: images/note.pdf used on input line 64.
(pdftex.def)             Requested size: 99.5858pt x 53.26007pt.

Overfull \hbox (1.71494pt too wide) in paragraph at lines 65--66
[][]  
 []

) [40

] (./satabs-slides.vrb
File: images/note.pdf Graphic file (type pdf)
 <use images/note.pdf>
Package pdftex.def Info: images/note.pdf used on input line 64.
(pdftex.def)             Requested size: 99.5858pt x 53.26007pt.

Overfull \hbox (1.71494pt too wide) in paragraph at lines 65--66
[][]  
 []

) [41

] (./satabs-slides.vrb
File: images/note.pdf Graphic file (type pdf)
 <use images/note.pdf>
Package pdftex.def Info: images/note.pdf used on input line 64.
(pdftex.def)             Requested size: 99.5858pt x 53.26007pt.

Overfull \hbox (1.71494pt too wide) in paragraph at lines 65--66
[][]  
 []

) [42

] (./satabs-slides.vrb
File: images/note.pdf Graphic file (type pdf)
 <use images/note.pdf>
Package pdftex.def Info: images/note.pdf used on input line 64.
(pdftex.def)             Requested size: 99.5858pt x 53.26007pt.

Overfull \hbox (1.71494pt too wide) in paragraph at lines 65--66
[][]  
 []

) [43

]
\openout4 = `satabs-slides.vrb'.

 (./satabs-slides.vrb
File: images/note.pdf Graphic file (type pdf)
 <use images/note.pdf>
Package pdftex.def Info: images/note.pdf used on input line 57.
(pdftex.def)             Requested size: 99.5858pt x 53.26007pt.
File: images/note.pdf Graphic file (type pdf)
 <use images/note.pdf>
Package pdftex.def Info: images/note.pdf used on input line 64.
(pdftex.def)             Requested size: 129.46239pt x 53.26007pt.

Overfull \hbox (26.61165pt too wide) in paragraph at lines 68--69
[][]  
 []

) [44

] (./satabs-slides.vrb
File: images/note.pdf Graphic file (type pdf)
 <use images/note.pdf>
Package pdftex.def Info: images/note.pdf used on input line 57.
(pdftex.def)             Requested size: 99.5858pt x 53.26007pt.
File: images/note.pdf Graphic file (type pdf)
 <use images/note.pdf>
Package pdftex.def Info: images/note.pdf used on input line 64.
(pdftex.def)             Requested size: 129.46239pt x 53.26007pt.

Overfull \hbox (26.61165pt too wide) in paragraph at lines 68--69
[][]  
 []

) [45

] (./satabs-slides.vrb
File: images/note.pdf Graphic file (type pdf)
 <use images/note.pdf>
Package pdftex.def Info: images/note.pdf used on input line 57.
(pdftex.def)             Requested size: 99.5858pt x 53.26007pt.
File: images/note.pdf Graphic file (type pdf)
 <use images/note.pdf>
Package pdftex.def Info: images/note.pdf used on input line 64.
(pdftex.def)             Requested size: 129.46239pt x 53.26007pt.

Overfull \hbox (26.61165pt too wide) in paragraph at lines 68--69
[][]  
 []

) [46

] (./satabs-slides.vrb
File: images/note.pdf Graphic file (type pdf)
 <use images/note.pdf>
Package pdftex.def Info: images/note.pdf used on input line 57.
(pdftex.def)             Requested size: 99.5858pt x 53.26007pt.
File: images/note.pdf Graphic file (type pdf)
 <use images/note.pdf>
Package pdftex.def Info: images/note.pdf used on input line 64.
(pdftex.def)             Requested size: 129.46239pt x 53.26007pt.

Overfull \hbox (26.61165pt too wide) in paragraph at lines 68--69
[][]  
 []

) [47

] (./satabs-slides.vrb
File: images/note.pdf Graphic file (type pdf)
 <use images/note.pdf>
Package pdftex.def Info: images/note.pdf used on input line 57.
(pdftex.def)             Requested size: 99.5858pt x 53.26007pt.
File: images/note.pdf Graphic file (type pdf)
 <use images/note.pdf>
Package pdftex.def Info: images/note.pdf used on input line 64.
(pdftex.def)             Requested size: 129.46239pt x 53.26007pt.

Overfull \hbox (26.61165pt too wide) in paragraph at lines 68--69
[][]  
 []

) [48

]
\openout4 = `satabs-slides.vrb'.

 (./satabs-slides.vrb
File: images/note.pdf Graphic file (type pdf)
 <use images/note.pdf>
Package pdftex.def Info: images/note.pdf used on input line 63.
(pdftex.def)             Requested size: 119.50352pt x 53.26007pt.

Overfull \hbox (33.48775pt too wide) in paragraph at lines 64--65
[][]  
 []

) [49

] (./satabs-slides.vrb
File: images/note.pdf Graphic file (type pdf)
 <use images/note.pdf>
Package pdftex.def Info: images/note.pdf used on input line 63.
(pdftex.def)             Requested size: 119.50352pt x 53.26007pt.

Overfull \hbox (33.48775pt too wide) in paragraph at lines 64--65
[][]  
 []

) [50

] (./satabs-slides.vrb
File: images/note.pdf Graphic file (type pdf)
 <use images/note.pdf>
Package pdftex.def Info: images/note.pdf used on input line 63.
(pdftex.def)             Requested size: 119.50352pt x 53.26007pt.

Overfull \hbox (33.48775pt too wide) in paragraph at lines 64--65
[][]  
 []

) [51

] (./satabs-slides.vrb
File: images/note.pdf Graphic file (type pdf)
 <use images/note.pdf>
Package pdftex.def Info: images/note.pdf used on input line 63.
(pdftex.def)             Requested size: 119.50352pt x 53.26007pt.

Overfull \hbox (33.48775pt too wide) in paragraph at lines 64--65
[][]  
 []

) [52

] (./satabs-slides.vrb
File: images/note.pdf Graphic file (type pdf)
 <use images/note.pdf>
Package pdftex.def Info: images/note.pdf used on input line 63.
(pdftex.def)             Requested size: 119.50352pt x 53.26007pt.

Overfull \hbox (33.48775pt too wide) in paragraph at lines 64--65
[][]  
 []

) [53

] (./satabs-slides.vrb
File: images/note.pdf Graphic file (type pdf)
 <use images/note.pdf>
Package pdftex.def Info: images/note.pdf used on input line 63.
(pdftex.def)             Requested size: 119.50352pt x 53.26007pt.

Overfull \hbox (33.48775pt too wide) in paragraph at lines 64--65
[][]  
 []

) [54

] [55

] <cegar-1.pdf, id=1607, 304.45985pt x 169.55325pt>
File: cegar-1.pdf Graphic file (type pdf)

<use cegar-1.pdf>
Package pdftex.def Info: cegar-1.pdf used on input line 1046.
(pdftex.def)             Requested size: 304.4591pt x 169.55283pt.
 [56

 <./cegar-1.pdf>] [57

]
<cegar-2.pdf, id=1681, 304.45985pt x 169.55325pt>
File: cegar-2.pdf Graphic file (type pdf)
 <use cegar-2.pdf>
Package pdftex.def Info: cegar-2.pdf used on input line 1080.
(pdftex.def)             Requested size: 304.4591pt x 169.55283pt.
 [58

 <./cegar-2.pdf>] (/usr/share/texlive/texmf-dist/tex/latex/listings/lstlang1.st
y
File: lstlang1.sty 2004/09/05 1.3 listings language file
)
\openout4 = `satabs-slides.vrb'.


(./satabs-slides.vrb
Overfull \hbox (19.17851pt too wide) in paragraph at lines 11--12
[][][][][][][][][] 
 []

<images/gradient_box_yellow.pdf, id=1730, 241.90375pt x 59.22125pt>
File: images/gradient_box_yellow.pdf Graphic file (type pdf)

<use images/gradient_box_yellow.pdf>
Package pdftex.def Info: images/gradient_box_yellow.pdf used on input line 23.
(pdftex.def)             Requested size: 84.99977pt x 33.001pt.

<blue_arrow.pdf, id=1731, 81.20238pt x 45.11354pt>
File: blue_arrow.pdf Graphic file (type pdf)
 <use blue_arrow.pdf>
Package pdftex.def Info: blue_arrow.pdf used on input line 24.
(pdftex.def)             Requested size: 40.0pt x 22.22353pt.

Overfull \hbox (17.8121pt too wide) in paragraph at lines 16--26
[][]  
 []

) [59

 <./images/gradient_box_yellow.pdf> <./blue_arrow.pdf>]
(./satabs-slides.vrb
Overfull \hbox (19.17851pt too wide) in paragraph at lines 11--12
[][][][][][][][][] 
 []

File: images/gradient_box_yellow.pdf Graphic file (type pdf)
<use images/gradient_box_yellow.pdf>
Package pdftex.def Info: images/gradient_box_yellow.pdf used on input line 23.
(pdftex.def)             Requested size: 84.99977pt x 33.001pt.
File: blue_arrow.pdf Graphic file (type pdf)
 <use blue_arrow.pdf>
Package pdftex.def Info: blue_arrow.pdf used on input line 24.
(pdftex.def)             Requested size: 40.0pt x 22.22353pt.

Overfull \hbox (17.8121pt too wide) in paragraph at lines 16--26
[][]  
 []

) [60

] (./satabs-slides.vrb
Overfull \hbox (19.17851pt too wide) in paragraph at lines 11--12
[][][][][][][][][] 
 []

File: images/gradient_box_yellow.pdf Graphic file (type pdf)
<use images/gradient_box_yellow.pdf>
Package pdftex.def Info: images/gradient_box_yellow.pdf used on input line 23.
(pdftex.def)             Requested size: 84.99977pt x 33.001pt.
File: blue_arrow.pdf Graphic file (type pdf)
 <use blue_arrow.pdf>
Package pdftex.def Info: blue_arrow.pdf used on input line 24.
(pdftex.def)             Requested size: 40.0pt x 22.22353pt.

Overfull \hbox (17.8121pt too wide) in paragraph at lines 16--26
[][]  
 []

) [61

] (./satabs-slides.vrb
Overfull \hbox (19.17851pt too wide) in paragraph at lines 11--12
[][][][][][][][][] 
 []

File: images/gradient_box_yellow.pdf Graphic file (type pdf)
<use images/gradient_box_yellow.pdf>
Package pdftex.def Info: images/gradient_box_yellow.pdf used on input line 23.
(pdftex.def)             Requested size: 84.99977pt x 33.001pt.
File: blue_arrow.pdf Graphic file (type pdf)
 <use blue_arrow.pdf>
Package pdftex.def Info: blue_arrow.pdf used on input line 24.
(pdftex.def)             Requested size: 40.0pt x 22.22353pt.

Overfull \hbox (17.8121pt too wide) in paragraph at lines 16--26
[][]  
 []

) [62

] [63

] [64

]
File: blue_arrow.pdf Graphic file (type pdf)
 <use blue_arrow.pdf>
Package pdftex.def Info: blue_arrow.pdf used on input line 1313.
(pdftex.def)             Requested size: 28.45274pt x 15.80717pt.

Overfull \hbox (20.11667pt too wide) in paragraph at lines 1313--1313
 [][] 
 []

[65

]
File: blue_arrow.pdf Graphic file (type pdf)
 <use blue_arrow.pdf>
Package pdftex.def Info: blue_arrow.pdf used on input line 1313.
(pdftex.def)             Requested size: 28.45274pt x 15.80717pt.

Overfull \hbox (20.11667pt too wide) in paragraph at lines 1313--1313
 [][] 
 []

[66

]
File: blue_arrow.pdf Graphic file (type pdf)
 <use blue_arrow.pdf>
Package pdftex.def Info: blue_arrow.pdf used on input line 1313.
(pdftex.def)             Requested size: 28.45274pt x 15.80717pt.

Overfull \hbox (20.11667pt too wide) in paragraph at lines 1313--1313
 [][] 
 []

[67

]
File: blue_arrow.pdf Graphic file (type pdf)
 <use blue_arrow.pdf>
Package pdftex.def Info: blue_arrow.pdf used on input line 1313.
(pdftex.def)             Requested size: 28.45274pt x 15.80717pt.

Overfull \hbox (20.11667pt too wide) in paragraph at lines 1313--1313
 [][] 
 []

[68

]
File: blue_arrow.pdf Graphic file (type pdf)
 <use blue_arrow.pdf>
Package pdftex.def Info: blue_arrow.pdf used on input line 1313.
(pdftex.def)             Requested size: 28.45274pt x 15.80717pt.

Overfull \hbox (20.11667pt too wide) in paragraph at lines 1313--1313
 [][] 
 []

[69

]
File: blue_arrow.pdf Graphic file (type pdf)
 <use blue_arrow.pdf>
Package pdftex.def Info: blue_arrow.pdf used on input line 1313.
(pdftex.def)             Requested size: 28.45274pt x 15.80717pt.

Overfull \hbox (20.11667pt too wide) in paragraph at lines 1313--1313
 [][] 
 []

[70

]
File: blue_arrow.pdf Graphic file (type pdf)
 <use blue_arrow.pdf>
Package pdftex.def Info: blue_arrow.pdf used on input line 1313.
(pdftex.def)             Requested size: 28.45274pt x 15.80717pt.

Overfull \hbox (20.11667pt too wide) in paragraph at lines 1313--1313
 [][] 
 []

[71

]
File: blue_arrow.pdf Graphic file (type pdf)
 <use blue_arrow.pdf>
Package pdftex.def Info: blue_arrow.pdf used on input line 1313.
(pdftex.def)             Requested size: 28.45274pt x 15.80717pt.

Overfull \hbox (20.11667pt too wide) in paragraph at lines 1313--1313
 [][] 
 []

[72

]
File: blue_arrow.pdf Graphic file (type pdf)
 <use blue_arrow.pdf>
Package pdftex.def Info: blue_arrow.pdf used on input line 1313.
(pdftex.def)             Requested size: 28.45274pt x 15.80717pt.

Overfull \hbox (20.11667pt too wide) in paragraph at lines 1313--1313
 [][] 
 []

[73

]
File: blue_arrow.pdf Graphic file (type pdf)
 <use blue_arrow.pdf>
Package pdftex.def Info: blue_arrow.pdf used on input line 1313.
(pdftex.def)             Requested size: 28.45274pt x 15.80717pt.

Overfull \hbox (20.11667pt too wide) in paragraph at lines 1313--1313
 [][] 
 []

[74

] [75

] <cegar-3.pdf, id=2224, 304.45985pt x 169.55325pt>
File: cegar-3.pdf Graphic file (type pdf)
 <use cegar-3.pdf>
Package pdftex.def Info: cegar-3.pdf used on input line 1358.
(pdftex.def)             Requested size: 304.4591pt x 169.55283pt.

[76

 <./cegar-3.pdf>] [77

]
\openout4 = `satabs-slides.vrb'.

 (./satabs-slides.vrb
File: images/gradient_box_yellow.pdf Graphic file (type pdf)

<use images/gradient_box_yellow.pdf>
Package pdftex.def Info: images/gradient_box_yellow.pdf used on input line 4.
(pdftex.def)             Requested size: 85.35826pt x 20.89671pt.
LaTeX Font Info:    Font shape `OT1/phv/bx/n' in size <9> not available
(Font)              Font shape `OT1/phv/b/n' tried instead on input line 10.
LaTeX Font Info:    Font shape `OML/phv/m/n' in size <9> not available
(Font)              Font shape `OML/cmm/m/it' tried instead on input line 10.

Overfull \hbox (0.51326pt too wide) in paragraph at lines 11--12
[][][][][][][][][][][][][][][][][] 
 []


Overfull \hbox (0.51326pt too wide) in paragraph at lines 12--13
[][][][][][][][][][][][][][][][][][][][][][] 
 []

) [78

]
\openout4 = `satabs-slides.vrb'.

 (./satabs-slides.vrb
File: images/gradient_box_yellow.pdf Graphic file (type pdf)
 <use images/gradient_box_yellow.pdf>
Package pdftex.def Info: images/gradient_box_yellow.pdf used on input line 4.
(pdftex.def)             Requested size: 85.35826pt x 20.89671pt.
) [79

]
\openout4 = `satabs-slides.vrb'.


(./satabs-slides.vrb
File: images/gradient_box_yellow.pdf Graphic file (type pdf)
 <use images/gradient_box_yellow.pdf>
Package pdftex.def Info: images/gradient_box_yellow.pdf used on input line 4.
(pdftex.def)             Requested size: 85.35826pt x 20.89671pt.
LaTeX Font Info:    Font shape `OMS/phv/m/n' in size <9> not available
(Font)              Font shape `OMS/cmsy/m/n' tried instead on input line 13.

Overfull \hbox (0.51326pt too wide) in paragraph at lines 20--21
[][][][][][][][][][] 
 []

) [80

]
\openout4 = `satabs-slides.vrb'.

 (./satabs-slides.vrb
File: images/gradient_box_yellow.pdf Graphic file (type pdf)
 <use images/gradient_box_yellow.pdf>
Package pdftex.def Info: images/gradient_box_yellow.pdf used on input line 4.
(pdftex.def)             Requested size: 85.35826pt x 20.89671pt.
) [81

] [82

]
<cegar-4.pdf, id=2439, 304.45985pt x 169.55325pt>
File: cegar-4.pdf Graphic file (type pdf)
 <use cegar-4.pdf>
Package pdftex.def Info: cegar-4.pdf used on input line 1542.
(pdftex.def)             Requested size: 304.4591pt x 169.55283pt.
 [83

 <./cegar-4.pdf>] [84

] [85

]
\vvdist=\skip62
\openout4 = `satabs-slides.vrb'.

 (./satabs-slides.vrb
Overfull \hbox (18.56532pt too wide) in paragraph at lines 22--23
 \OT1/phv/m/n/10.95 Predicate: 
 []

<images/arrow.pdf, id=2546, 59.22125pt x 48.18pt>
File: images/arrow.pdf Graphic file (type pdf)
 <use images/arrow.pdf>
Package pdftex.def Info: images/arrow.pdf used on input line 24.
(pdftex.def)             Requested size: 30.73085pt x 25.0008pt.
LaTeX Font Info:    Font shape `OT1/phv/m/it' in size <10> not available
(Font)              Font shape `OT1/phv/m/sl' tried instead on input line 31.
LaTeX Font Info:    Font shape `OML/phv/m/it' in size <10> not available
(Font)              Font shape `OML/cmm/m/it' tried instead on input line 31.
)
[86

 <./images/arrow.pdf>] (./satabs-slides.vrb
Overfull \hbox (18.56532pt too wide) in paragraph at lines 22--23
 \OT1/phv/m/n/10.95 Predicate: 
 []

File: images/arrow.pdf Graphic file (type pdf)
<use images/arrow.pdf>
Package pdftex.def Info: images/arrow.pdf used on input line 24.
(pdftex.def)             Requested size: 30.73085pt x 25.0008pt.
) [87

]
\openout4 = `satabs-slides.vrb'.

 (./satabs-slides.vrb) [88

] (./satabs-slides.vrb)
[89

]
\openout4 = `satabs-slides.vrb'.

 (./satabs-slides.vrb
Overfull \hbox (3.20575pt too wide) in paragraph at lines 5--28
[][]  
 []

File: images/arrow.pdf Graphic file (type pdf)
<use images/arrow.pdf>
Package pdftex.def Info: images/arrow.pdf used on input line 32.
(pdftex.def)             Requested size: 30.73085pt x 25.0008pt.
) [90

] (./satabs-slides.vrb
Overfull \hbox (3.20575pt too wide) in paragraph at lines 5--28
[][]  
 []

File: images/arrow.pdf Graphic file (type pdf)
<use images/arrow.pdf>
Package pdftex.def Info: images/arrow.pdf used on input line 32.
(pdftex.def)             Requested size: 30.73085pt x 25.0008pt.
) [91

] (./satabs-slides.vrb
Overfull \hbox (3.20575pt too wide) in paragraph at lines 5--28
[][]  
 []

File: images/arrow.pdf Graphic file (type pdf)
<use images/arrow.pdf>
Package pdftex.def Info: images/arrow.pdf used on input line 32.
(pdftex.def)             Requested size: 30.73085pt x 25.0008pt.
) [92

] <cegar-5.pdf, id=2750, 304.45985pt x 169.55325pt>
File: cegar-5.pdf Graphic file (type pdf)

<use cegar-5.pdf>
Package pdftex.def Info: cegar-5.pdf used on input line 1778.
(pdftex.def)             Requested size: 304.4591pt x 169.55283pt.
 [93

 <./cegar-5.pdf>]
\openout4 = `satabs-slides.vrb'.

 (./satabs-slides.vrb) [94

]
(./satabs-slides.vrb) [95

] (./satabs-slides.vrb) [96

] (./satabs-slides.vrb)
[97

] (./satabs-slides.vrb) [98

]
\openout4 = `satabs-slides.vrb'.

 (./satabs-slides.vrb) [99

] (./satabs-slides.vrb) [100

] (./satabs-slides.vrb) [101

] (./satabs-slides.vrb) [102

]
(./satabs-slides.vrb) [103

] (./satabs-slides.vrb) [104

] [105

]
\openout4 = `satabs-slides.vrb'.


(./satabs-slides.vrb) [106

] (./satabs-slides.vrb) [107

] (./satabs-slides.vrb)
[108

] (./satabs-slides.vrb) [109

] (./satabs-slides.vrb) [110

] [111

]
Overfull \hbox (8.50607pt too wide) in paragraph at lines 2010--2010
[][]  
 []

[112

]
Overfull \hbox (8.50607pt too wide) in paragraph at lines 2010--2010
[][]  
 []

[113

]
Overfull \hbox (8.50607pt too wide) in paragraph at lines 2010--2010
[][]  
 []

[114

]
Overfull \hbox (8.50607pt too wide) in paragraph at lines 2010--2010
[][]  
 []

[115

]
Overfull \hbox (8.50607pt too wide) in paragraph at lines 2010--2010
[][]  
 []

[116

]
Overfull \hbox (8.50607pt too wide) in paragraph at lines 2010--2010
[][]  
 []

[117

]
Overfull \hbox (8.50607pt too wide) in paragraph at lines 2010--2010
[][]  
 []

[118

]
Overfull \hbox (5.45091pt too wide) in paragraph at lines 2057--2057
 [] 
 []

[119

]
Overfull \hbox (5.45091pt too wide) in paragraph at lines 2057--2057
 [] 
 []

[120

]
Overfull \hbox (5.45091pt too wide) in paragraph at lines 2057--2057
 [] 
 []

[121

] [122

] [123

]
LaTeX Font Info:    Try loading font information for U+dsrom on input line 2115
.

(/usr/share/texlive/texmf-dist/tex/latex/doublestroke/Udsrom.fd
File: Udsrom.fd 1995/08/01 v0.1 Double stroke roman font definitions
) [124

] [125

]
[126

] [127

] [128

] [129

] [130

] [131

] [132

] [133

]
\openout4 = `satabs-slides.vrb'.

 (./satabs-slides.vrb

LaTeX Font Warning: Command \small invalid in math mode on input line 22.


LaTeX Font Warning: Command \small invalid in math mode on input line 24.


LaTeX Font Warning: Command \small invalid in math mode on input line 26.


LaTeX Font Warning: Command \small invalid in math mode on input line 28.

) [134

] (./satabs-slides.vrb

LaTeX Font Warning: Command \small invalid in math mode on input line 22.


LaTeX Font Warning: Command \small invalid in math mode on input line 24.


LaTeX Font Warning: Command \small invalid in math mode on input line 26.


LaTeX Font Warning: Command \small invalid in math mode on input line 28.

) [135

] (./satabs-slides.vrb

LaTeX Font Warning: Command \small invalid in math mode on input line 22.


LaTeX Font Warning: Command \small invalid in math mode on input line 24.


LaTeX Font Warning: Command \small invalid in math mode on input line 26.


LaTeX Font Warning: Command \small invalid in math mode on input line 28.

) [136

] (./satabs-slides.vrb

LaTeX Font Warning: Command \small invalid in math mode on input line 22.


LaTeX Font Warning: Command \small invalid in math mode on input line 24.


LaTeX Font Warning: Command \small invalid in math mode on input line 26.


LaTeX Font Warning: Command \small invalid in math mode on input line 28.

) [137

]
\openout4 = `satabs-slides.vrb'.

 (./satabs-slides.vrb

LaTeX Font Warning: Command \small invalid in math mode on input line 22.


LaTeX Font Warning: Command \small invalid in math mode on input line 24.


LaTeX Font Warning: Command \small invalid in math mode on input line 26.


LaTeX Font Warning: Command \small invalid in math mode on input line 28.


Overfull \hbox (15.56468pt too wide) detected at line 31
[]
 []

) [138

] (./satabs-slides.vrb

LaTeX Font Warning: Command \small invalid in math mode on input line 22.


LaTeX Font Warning: Command \small invalid in math mode on input line 24.


LaTeX Font Warning: Command \small invalid in math mode on input line 26.


LaTeX Font Warning: Command \small invalid in math mode on input line 28.


Overfull \hbox (15.56468pt too wide) detected at line 31
[]
 []

) [139

] (./satabs-slides.vrb

LaTeX Font Warning: Command \small invalid in math mode on input line 22.


LaTeX Font Warning: Command \small invalid in math mode on input line 24.


LaTeX Font Warning: Command \small invalid in math mode on input line 26.


LaTeX Font Warning: Command \small invalid in math mode on input line 28.


Overfull \hbox (15.56468pt too wide) detected at line 31
[]
 []

) [140

] (./satabs-slides.vrb

LaTeX Font Warning: Command \small invalid in math mode on input line 22.


LaTeX Font Warning: Command \small invalid in math mode on input line 24.


LaTeX Font Warning: Command \small invalid in math mode on input line 26.


LaTeX Font Warning: Command \small invalid in math mode on input line 28.


Overfull \hbox (15.56468pt too wide) detected at line 31
[]
 []

) [141

] (./satabs-slides.vrb

LaTeX Font Warning: Command \small invalid in math mode on input line 22.


LaTeX Font Warning: Command \small invalid in math mode on input line 24.


LaTeX Font Warning: Command \small invalid in math mode on input line 26.


LaTeX Font Warning: Command \small invalid in math mode on input line 28.


Overfull \hbox (15.56468pt too wide) detected at line 31
[]
 []

) [142

]
\uxdist=\skip63
\openout4 = `satabs-slides.vrb'.

 (./satabs-slides.vrb
Overfull \hbox (5.5957pt too wide) in paragraph at lines 37--38
[][]  
 []

) [143

] (./satabs-slides.vrb
Overfull \hbox (5.5957pt too wide) in paragraph at lines 37--38
[][]  
 []

) [144

] (./satabs-slides.vrb
Overfull \hbox (5.5957pt too wide) in paragraph at lines 37--38
[][]  
 []

) [145

] (./satabs-slides.vrb
Overfull \hbox (5.5957pt too wide) in paragraph at lines 37--38
[][]  
 []

) [146

] (./satabs-slides.vrb
Overfull \hbox (5.5957pt too wide) in paragraph at lines 37--38
[][]  
 []

) [147

] (./satabs-slides.vrb
Overfull \hbox (5.5957pt too wide) in paragraph at lines 37--38
[][]  
 []

) [148

] (./satabs-slides.vrb
Overfull \hbox (5.5957pt too wide) in paragraph at lines 37--38
[][]  
 []

) [149

] (./satabs-slides.vrb
Overfull \hbox (5.5957pt too wide) in paragraph at lines 37--38
[][]  
 []

) [150

] (./satabs-slides.vrb
Overfull \hbox (5.5957pt too wide) in paragraph at lines 37--38
[][]  
 []

) [151

] (./satabs-slides.vrb
Overfull \hbox (5.5957pt too wide) in paragraph at lines 37--38
[][]  
 []

) [152

]
\openout4 = `satabs-slides.vrb'.

 (./satabs-slides.vrb) [153

]
Overfull \hbox (5.5957pt too wide) in paragraph at lines 2407--2407
[][]  
 []

[154

]
Overfull \hbox (5.5957pt too wide) in paragraph at lines 2407--2407
[][]  
 []

[155

]
Overfull \hbox (5.5957pt too wide) in paragraph at lines 2407--2407
[][]  
 []

[156

]
Overfull \hbox (5.5957pt too wide) in paragraph at lines 2407--2407
[][]  
 []

[157

]
Overfull \hbox (5.5957pt too wide) in paragraph at lines 2407--2407
[][]  
 []

[158

]
Overfull \hbox (5.5957pt too wide) in paragraph at lines 2407--2407
[][]  
 []

[159

]
Overfull \hbox (5.5957pt too wide) in paragraph at lines 2407--2407
[][]  
 []

[160

] [161

] [162

]
\tf@nav=\write6
\openout6 = `satabs-slides.nav'.

\tf@toc=\write7
\openout7 = `satabs-slides.toc'.

\tf@snm=\write8
\openout8 = `satabs-slides.snm'.

Package atveryend Info: Empty hook `BeforeClearDocument' on input line 2448.
Package atveryend Info: Empty hook `AfterLastShipout' on input line 2448.
 (./satabs-slides.aux)
Package atveryend Info: Executing hook `AtVeryEndDocument' on input line 2448.
Package atveryend Info: Executing hook `AtEndAfterFileList' on input line 2448.

Package rerunfilecheck Info: File `satabs-slides.out' has not changed.
(rerunfilecheck)             Checksum: 010643E465B598BED0127E9C118FC57A;519.
Package atveryend Info: Empty hook `AtVeryVeryEnd' on input line 2448.
 ) 
Here is how much of TeX's memory you used:
 21096 strings out of 495059
 383269 string characters out of 3182030
 518026 words of memory out of 3000000
 23224 multiletter control sequences out of 15000+200000
 53448 words of font info for 135 fonts, out of 3000000 for 9000
 14 hyphenation exceptions out of 8191
 51i,15n,66p,417b,1831s stack positions out of 5000i,500n,10000p,200000b,50000s
{/usr/share/texlive/texmf-dist/fonts/enc/dvips/base/8r.enc}</usr/share/texliv
e/texmf-dist/fonts/type1/public/amsfonts/cm/cmbx10.pfb></usr/share/texlive/texm
f-dist/fonts/type1/public/amsfonts/cm/cmbxsl10.pfb></usr/share/texlive/texmf-di
st/fonts/type1/public/amsfonts/cm/cmex10.pfb></usr/share/texlive/texmf-dist/fon
ts/type1/public/amsfonts/cm/cmmi10.pfb></usr/share/texlive/texmf-dist/fonts/typ
e1/public/amsfonts/cm/cmmi12.pfb></usr/share/texlive/texmf-dist/fonts/type1/pub
lic/amsfonts/cm/cmmi8.pfb></usr/share/texlive/texmf-dist/fonts/type1/public/ams
fonts/cm/cmmi9.pfb></usr/share/texlive/texmf-dist/fonts/type1/public/amsfonts/c
m/cmr10.pfb></usr/share/texlive/texmf-dist/fonts/type1/public/amsfonts/cm/cmr12
.pfb></usr/share/texlive/texmf-dist/fonts/type1/public/amsfonts/cm/cmr8.pfb></u
sr/share/texlive/texmf-dist/fonts/type1/public/amsfonts/cm/cmss10.pfb></usr/sha
re/texlive/texmf-dist/fonts/type1/public/amsfonts/cm/cmsy10.pfb></usr/share/tex
live/texmf-dist/fonts/type1/public/amsfonts/cm/cmsy8.pfb></usr/share/texlive/te
xmf-dist/fonts/type1/public/amsfonts/cm/cmsy9.pfb></usr/share/texlive/texmf-dis
t/fonts/type1/public/amsfonts/cm/cmti10.pfb></usr/share/texlive/texmf-dist/font
s/type1/public/amsfonts/cm/cmtt10.pfb></usr/share/texlive/texmf-dist/fonts/type
1/public/amsfonts/cm/cmtt8.pfb></usr/share/texlive/texmf-dist/fonts/type1/publi
c/doublestroke/dsrom10.pfb></usr/share/texlive/texmf-dist/fonts/type1/public/am
sfonts/symbols/msam10.pfb></usr/share/texlive/texmf-dist/fonts/type1/public/ams
fonts/symbols/msam7.pfb></usr/share/texlive/texmf-dist/fonts/type1/public/amsfo
nts/symbols/msbm10.pfb></usr/share/texlive/texmf-dist/fonts/type1/public/rsfs/r
sfs10.pfb></usr/share/texlive/texmf-dist/fonts/type1/urw/helvetic/uhvb8a.pfb></
usr/share/texlive/texmf-dist/fonts/type1/urw/helvetic/uhvr8a.pfb></usr/share/te
xlive/texmf-dist/fonts/type1/urw/helvetic/uhvro8a.pfb></usr/share/texlive/texmf
-dist/fonts/type1/urw/zapfding/uzdr.pfb>
Output written on satabs-slides.pdf (162 pages, 1013892 bytes).
PDF statistics:
 4857 PDF objects out of 5155 (max. 8388607)
 4563 compressed objects within 46 object streams
 347 named destinations out of 1000 (max. 500000)
 152 words of extra memory for PDF output out of 10000 (max. 10000000)

